#
# A fatal error has been detected by the Java Runtime Environment:
#
#  EXCEPTION_ACCESS_VIOLATION (0xc0000005) at pc=0x000000005111f898, pid=25208, tid=0x0000000000005ca4
#
# JRE version: Java(TM) SE Runtime Environment (8.0_144-b01) (build 1.8.0_144-b01)
# Java VM: Java HotSpot(TM) 64-Bit Server VM (25.144-b01 mixed mode windows-amd64 compressed oops)
# Problematic frame:
# C  [jfxwebkit.dll+0x64f898]
#
# Failed to write core dump. Minidumps are not enabled by default on client versions of Windows
#
# If you would like to submit a bug report, please visit:
#   http://bugreport.java.com/bugreport/crash.jsp
# The crash happened outside the Java Virtual Machine in native code.
# See problematic frame for where to report the bug.
#

---------------  T H R E A D  ---------------

Current thread (0x000000001a61e000):  JavaThread "JavaFX Application Thread" [_thread_in_native, id=23716, stack(0x000000001af30000,0x000000001b030000)]

siginfo: ExceptionCode=0xc0000005, reading address 0x0000000000000000

Registers:
RAX=0x0000000000000000, RBX=0x000000001b02c9f0, RCX=0x0000000000000000, RDX=0x000000001fa2f000
RSP=0x000000001b02c8c0, RBP=0x000000001b02c9f0, RSI=0x0000000000000000, RDI=0x0000000000000000
R8 =0x000000000021118e, R9 =0x000000001b02cb18, R10=0x0000000000000184, R11=0x000000001b02c9c8
R12=0x000000001b02ce04, R13=0x000000001b02cbd0, R14=0x0000000000000004, R15=0x000000001facfe00
RIP=0x000000005111f898, EFLAGS=0x0000000000010246

Top of Stack: (sp=0x000000001b02c8c0)
0x000000001b02c8c0:   0000000000000000 000000001b02ca30
0x000000001b02c8d0:   000000001b02cd58 00000000511acb0b
0x000000001b02c8e0:   000000001fa2f000 000000005112bf98
0x000000001b02c8f0:   000000001b02cb50 000000001b02cb18
0x000000001b02c900:   0000000000000028 00000000554b5cab
0x000000001b02c910:   0000000000000000 0000624000006680
0x000000001b02c920:   0000000000000000 000000001a61e000
0x000000001b02c930:   00000000d6771070 00000000554b5dc1
0x000000001b02c940:   0000000100000300 0000000000000001
0x000000001b02c950:   0000000000000000 000000001facfef0
0x000000001b02c960:   0000000000000060 000000001b02d1f0
0x000000001b02c970:   0000000000000000 000000001facfef0
0x000000001b02c980:   000000001b02ca90 00000000511ae7d0
0x000000001b02c990:   0000000000000000 000000005112b599
0x000000001b02c9a0:   0000000000000000 000000001fa2f000
0x000000001b02c9b0:   000000001fad15a0 000000001b02cb18 

Instructions: (pc=0x000000005111f898)
0x000000005111f878:   89 71 40 48 89 71 48 48 89 71 54 48 8b 7a 10 48
0x000000005111f888:   8b cf e8 b1 d2 05 00 f6 43 10 01 48 89 03 75 2e
0x000000005111f898:   48 8b 10 48 8b c8 ff 92 50 08 00 00 84 c0 75 1e
0x000000005111f8a8:   48 8b 0b f7 41 28 00 00 00 18 74 0e 48 8b 01 ff 


Register to memory mapping:

RAX=0x0000000000000000 is an unknown value
RBX=0x000000001b02c9f0 is pointing into the stack for thread: 0x000000001a61e000
RCX=0x0000000000000000 is an unknown value
RDX=0x000000001fa2f000 is an unknown value
RSP=0x000000001b02c8c0 is pointing into the stack for thread: 0x000000001a61e000
RBP=0x000000001b02c9f0 is pointing into the stack for thread: 0x000000001a61e000
RSI=0x0000000000000000 is an unknown value
RDI=0x0000000000000000 is an unknown value
R8 =0x000000000021118e is an unknown value
R9 =0x000000001b02cb18 is pointing into the stack for thread: 0x000000001a61e000
R10=0x0000000000000184 is an unknown value
R11=0x000000001b02c9c8 is pointing into the stack for thread: 0x000000001a61e000
R12=0x000000001b02ce04 is pointing into the stack for thread: 0x000000001a61e000
R13=0x000000001b02cbd0 is pointing into the stack for thread: 0x000000001a61e000
R14=0x0000000000000004 is an unknown value
R15=0x000000001facfe00 is an unknown value


Stack: [0x000000001af30000,0x000000001b030000],  sp=0x000000001b02c8c0,  free space=1010k
Native frames: (J=compiled Java code, j=interpreted, Vv=VM code, C=native code)
C  [jfxwebkit.dll+0x64f898]
C  [jfxwebkit.dll+0x65bf98]
C  [jfxwebkit.dll+0x65bcc8]
C  [jfxwebkit.dll+0x6e8999]
C  [jfxwebkit.dll+0x6e8717]
C  [jfxwebkit.dll+0x6e97b5]
C  [jfxwebkit.dll+0x6e8d51]
C  [jfxwebkit.dll+0x6e7b9b]
C  [jfxwebkit.dll+0x5355b6]
C  [jfxwebkit.dll+0x58f2d3]
C  [jfxwebkit.dll+0x8df0a0]
C  0x00000000027e7f74

Java frames: (J=compiled Java code, j=interpreted, Vv=VM code)
j  com.sun.webkit.WebPage.twkUpdateContent(JLcom/sun/webkit/graphics/WCRenderQueue;IIII)V+0
j  com.sun.webkit.WebPage.updateDirty(Lcom/sun/webkit/graphics/WCRectangle;)V+218
j  com.sun.webkit.WebPage.updateContent(Lcom/sun/webkit/graphics/WCRectangle;)V+48
j  com.sun.javafx.sg.prism.web.NGWebView.update()V+68
J 5485 C1 javafx.scene.web.WebView.handleStagePulse()V (75 bytes) @ 0x0000000003075e44 [0x0000000003075440+0xa04]
J 5203 C1 javafx.scene.web.WebView$$Lambda$464.pulse()V (8 bytes) @ 0x00000000031e058c [0x00000000031e04c0+0xcc]
J 4448 C1 com.sun.javafx.tk.Toolkit$$Lambda$407.run()Ljava/lang/Object; (8 bytes) @ 0x0000000003667c4c [0x0000000003667b00+0x14c]
v  ~StubRoutines::call_stub
J 3481  java.security.AccessController.doPrivileged(Ljava/security/PrivilegedAction;Ljava/security/AccessControlContext;)Ljava/lang/Object; (0 bytes) @ 0x000000000328e8a6 [0x000000000328e840+0x66]
J 4669 C1 com.sun.javafx.tk.Toolkit.firePulse()V (279 bytes) @ 0x0000000003778704 [0x00000000037774c0+0x1244]
J 4602 C1 com.sun.javafx.tk.quantum.QuantumToolkit.pulse(Z)V (164 bytes) @ 0x0000000003726b04 [0x00000000037264c0+0x644]
J 4605 C1 com.sun.javafx.tk.quantum.QuantumToolkit$$Lambda$42.run()V (8 bytes) @ 0x000000000371f854 [0x000000000371f640+0x214]
J 4556 C1 com.sun.glass.ui.InvokeLaterDispatcher$Future.run()V (91 bytes) @ 0x000000000370410c [0x0000000003704000+0x10c]
v  ~StubRoutines::call_stub
j  com.sun.glass.ui.win.WinApplication._runLoop(Ljava/lang/Runnable;)V+0
j  com.sun.glass.ui.win.WinApplication.lambda$null$148(ILjava/lang/Runnable;)V+8
j  com.sun.glass.ui.win.WinApplication$$Lambda$38.run()V+12
j  java.lang.Thread.run()V+11
v  ~StubRoutines::call_stub

---------------  P R O C E S S  ---------------

Java Threads: ( => current thread )
  0x000000002308b800 JavaThread "URL-Loader-6" daemon [_thread_blocked, id=3008, stack(0x000000002b170000,0x000000002b270000)]
  0x000000002308c000 JavaThread "Keep-Alive-SocketCleaner" daemon [_thread_blocked, id=13992, stack(0x000000002b070000,0x000000002b170000)]
  0x000000002308d800 JavaThread "URL-Loader-5" daemon [_thread_blocked, id=26616, stack(0x000000002af70000,0x000000002b070000)]
  0x0000000023088800 JavaThread "Keep-Alive-Timer" daemon [_thread_blocked, id=24628, stack(0x000000002ae70000,0x000000002af70000)]
  0x0000000023087000 JavaThread "URL-Loader-4" daemon [_thread_blocked, id=12208, stack(0x000000002ad70000,0x000000002ae70000)]
  0x000000002308a800 JavaThread "URL-Loader-3" daemon [_thread_blocked, id=23332, stack(0x000000002ac70000,0x000000002ad70000)]
  0x000000002308d000 JavaThread "URL-Loader-2" daemon [_thread_blocked, id=3752, stack(0x000000002ab70000,0x000000002ac70000)]
  0x0000000023087800 JavaThread "Java2D Disposer" daemon [_thread_blocked, id=22668, stack(0x0000000029870000,0x0000000029970000)]
  0x0000000023089000 JavaThread "URL-Loader-1" daemon [_thread_blocked, id=25320, stack(0x00000000282c0000,0x00000000283c0000)]
  0x000000002308a000 JavaThread "Disposer" daemon [_thread_blocked, id=24400, stack(0x00000000281c0000,0x00000000282c0000)]
  0x000000001aa86000 JavaThread "Prism Font Disposer" daemon [_thread_blocked, id=17984, stack(0x00000000217c0000,0x00000000218c0000)]
  0x000000001a6fa000 JavaThread "mysql-cj-abandoned-connection-cleanup" daemon [_thread_blocked, id=21772, stack(0x000000001fe30000,0x000000001ff30000)]
  0x000000001a6e3000 JavaThread "Thread-3" daemon [_thread_in_native, id=13472, stack(0x000000001fb30000,0x000000001fc30000)]
  0x000000001a68d800 JavaThread "JavaFX-Launcher" [_thread_blocked, id=18132, stack(0x000000001fc30000,0x000000001fd30000)]
=>0x000000001a61e000 JavaThread "JavaFX Application Thread" [_thread_in_native, id=23716, stack(0x000000001af30000,0x000000001b030000)]
  0x000000001a615000 JavaThread "Thread-1" daemon [_thread_blocked, id=15964, stack(0x000000001ae30000,0x000000001af30000)]
  0x000000001a5cf000 JavaThread "QuantumRenderer-0" daemon [_thread_blocked, id=8832, stack(0x000000001abe0000,0x000000001ace0000)]
  0x0000000019631000 JavaThread "Service Thread" daemon [_thread_blocked, id=25584, stack(0x000000001a1e0000,0x000000001a2e0000)]
  0x0000000019619000 JavaThread "C1 CompilerThread3" daemon [_thread_blocked, id=25060, stack(0x000000001a0e0000,0x000000001a1e0000)]
  0x0000000019610000 JavaThread "C2 CompilerThread2" daemon [_thread_blocked, id=11316, stack(0x0000000019fe0000,0x000000001a0e0000)]
  0x000000001960c000 JavaThread "C2 CompilerThread1" daemon [_thread_blocked, id=25172, stack(0x0000000019ee0000,0x0000000019fe0000)]
  0x0000000019608800 JavaThread "C2 CompilerThread0" daemon [_thread_blocked, id=19680, stack(0x0000000019de0000,0x0000000019ee0000)]
  0x0000000019607000 JavaThread "Attach Listener" daemon [_thread_blocked, id=15384, stack(0x0000000019ce0000,0x0000000019de0000)]
  0x0000000019606000 JavaThread "Signal Dispatcher" daemon [_thread_blocked, id=3068, stack(0x0000000019be0000,0x0000000019ce0000)]
  0x00000000027c9000 JavaThread "Finalizer" daemon [_thread_blocked, id=17340, stack(0x00000000199e0000,0x0000000019ae0000)]
  0x00000000027c7800 JavaThread "Reference Handler" daemon [_thread_blocked, id=25964, stack(0x00000000194e0000,0x00000000195e0000)]
  0x0000000000d9e800 JavaThread "main" [_thread_blocked, id=19260, stack(0x00000000025d0000,0x00000000026d0000)]

Other Threads:
  0x0000000017709800 VMThread [stack: 0x00000000193e0000,0x00000000194e0000] [id=20580]
  0x0000000019634000 WatcherThread [stack: 0x000000001a2e0000,0x000000001a3e0000] [id=5672]

VM state:not at safepoint (normal execution)

VM Mutex/Monitor currently owned by a thread: None

Heap:
 PSYoungGen      total 110080K, used 9168K [0x00000000d6000000, 0x00000000e0d80000, 0x0000000100000000)
  eden space 98304K, 8% used [0x00000000d6000000,0x00000000d682ca00,0x00000000dc000000)
  from space 11776K, 6% used [0x00000000dc000000,0x00000000dc0c7978,0x00000000dcb80000)
  to   space 12288K, 0% used [0x00000000e0180000,0x00000000e0180000,0x00000000e0d80000)
 ParOldGen       total 67584K, used 26266K [0x0000000082000000, 0x0000000086200000, 0x00000000d6000000)
  object space 67584K, 38% used [0x0000000082000000,0x00000000839a6b90,0x0000000086200000)
 Metaspace       used 32643K, capacity 34468K, committed 34688K, reserved 1079296K
  class space    used 4356K, capacity 4707K, committed 4736K, reserved 1048576K

Card table byte_map: [0x0000000011b90000,0x0000000011f90000] byte_map_base: 0x0000000011780000

Marking Bits: (ParMarkBitMap*) 0x0000000055bdd850
 Begin Bits: [0x0000000012a30000, 0x00000000149b0000)
 End Bits:   [0x00000000149b0000, 0x0000000016930000)

Polling page: 0x0000000000d60000

CodeCache: size=245760Kb used=15302Kb max_used=16308Kb free=230457Kb
 bounds [0x00000000027d0000, 0x00000000037f0000, 0x00000000117d0000]
 total_blobs=5714 nmethods=4805 adapters=819
 compilation: enabled

Compilation events (10 events):
Event: 50.441 Thread 0x0000000019608800 5618       4       com.sun.javafx.geom.transform.Affine3D::<init> (20 bytes)
Event: 50.442 Thread 0x0000000019619000 5619       3       com.sun.javafx.font.CompositeStrike::drawAsShapes (11 bytes)
Event: 50.442 Thread 0x0000000019619000 nmethod 5619 0x0000000002b9fad0 code [0x0000000002b9fc40, 0x0000000002b9fe98]
Event: 50.443 Thread 0x0000000019608800 nmethod 5618 0x00000000034c9610 code [0x00000000034c9760, 0x00000000034c97d8]
Event: 50.527 Thread 0x0000000019619000 5620       3       java.util.Collections$UnmodifiableMap$UnmodifiableEntrySet$1::next (5 bytes)
Event: 50.528 Thread 0x0000000019619000 nmethod 5620 0x00000000033d0b10 code [0x00000000033d0cc0, 0x00000000033d12b8]
Event: 50.528 Thread 0x0000000019619000 5621       3       java.util.Collections$UnmodifiableMap$UnmodifiableEntrySet$1::next (20 bytes)
Event: 50.529 Thread 0x0000000019619000 nmethod 5621 0x00000000033d0190 code [0x00000000033d0340, 0x00000000033d08d8]
Event: 50.535 Thread 0x0000000019619000 5622       3       sun.misc.Resource::<init> (5 bytes)
Event: 50.536 Thread 0x0000000019619000 nmethod 5622 0x0000000002ce8490 code [0x0000000002ce85e0, 0x0000000002ce8790]

GC Heap History (10 events):
Event: 48.631 GC heap before
{Heap before GC invocations=6 (full 1):
 PSYoungGen      total 46592K, used 46546K [0x00000000d6000000, 0x00000000d9400000, 0x0000000100000000)
  eden space 41472K, 99% used [0x00000000d6000000,0x00000000d887c240,0x00000000d8880000)
  from space 5120K, 99% used [0x00000000d8f00000,0x00000000d93f88e0,0x00000000d9400000)
  to   space 5120K, 0% used [0x00000000d8a00000,0x00000000d8a00000,0x00000000d8f00000)
 ParOldGen       total 67584K, used 18315K [0x0000000082000000, 0x0000000086200000, 0x00000000d6000000)
  object space 67584K, 27% used [0x0000000082000000,0x00000000831e2fc0,0x0000000086200000)
 Metaspace       used 32191K, capacity 34074K, committed 34432K, reserved 1079296K
  class space    used 4313K, capacity 4666K, committed 4736K, reserved 1048576K
Event: 48.645 GC heap after
Heap after GC invocations=6 (full 1):
 PSYoungGen      total 48128K, used 5106K [0x00000000d6000000, 0x00000000da700000, 0x0000000100000000)
  eden space 43008K, 0% used [0x00000000d6000000,0x00000000d6000000,0x00000000d8a00000)
  from space 5120K, 99% used [0x00000000d8a00000,0x00000000d8efc8e0,0x00000000d8f00000)
  to   space 10240K, 0% used [0x00000000d9d00000,0x00000000d9d00000,0x00000000da700000)
 ParOldGen       total 67584K, used 21082K [0x0000000082000000, 0x0000000086200000, 0x00000000d6000000)
  object space 67584K, 31% used [0x0000000082000000,0x0000000083496ab8,0x0000000086200000)
 Metaspace       used 32191K, capacity 34074K, committed 34432K, reserved 1079296K
  class space    used 4313K, capacity 4666K, committed 4736K, reserved 1048576K
}
Event: 48.658 GC heap before
{Heap before GC invocations=7 (full 1):
 PSYoungGen      total 48128K, used 48095K [0x00000000d6000000, 0x00000000da700000, 0x0000000100000000)
  eden space 43008K, 99% used [0x00000000d6000000,0x00000000d89fb708,0x00000000d8a00000)
  from space 5120K, 99% used [0x00000000d8a00000,0x00000000d8efc8e0,0x00000000d8f00000)
  to   space 10240K, 0% used [0x00000000d9d00000,0x00000000d9d00000,0x00000000da700000)
 ParOldGen       total 67584K, used 21082K [0x0000000082000000, 0x0000000086200000, 0x00000000d6000000)
  object space 67584K, 31% used [0x0000000082000000,0x0000000083496ab8,0x0000000086200000)
 Metaspace       used 32191K, capacity 34074K, committed 34432K, reserved 1079296K
  class space    used 4313K, capacity 4666K, committed 4736K, reserved 1048576K
Event: 48.663 GC heap after
Heap after GC invocations=7 (full 1):
 PSYoungGen      total 61952K, used 5344K [0x00000000d6000000, 0x00000000dc280000, 0x0000000100000000)
  eden space 51712K, 0% used [0x00000000d6000000,0x00000000d6000000,0x00000000d9280000)
  from space 10240K, 52% used [0x00000000d9d00000,0x00000000da2381b8,0x00000000da700000)
  to   space 10752K, 0% used [0x00000000d9280000,0x00000000d9280000,0x00000000d9d00000)
 ParOldGen       total 67584K, used 21090K [0x0000000082000000, 0x0000000086200000, 0x00000000d6000000)
  object space 67584K, 31% used [0x0000000082000000,0x0000000083498ab8,0x0000000086200000)
 Metaspace       used 32191K, capacity 34074K, committed 34432K, reserved 1079296K
  class space    used 4313K, capacity 4666K, committed 4736K, reserved 1048576K
}
Event: 48.671 GC heap before
{Heap before GC invocations=8 (full 1):
 PSYoungGen      total 61952K, used 56961K [0x00000000d6000000, 0x00000000dc280000, 0x0000000100000000)
  eden space 51712K, 99% used [0x00000000d6000000,0x00000000d9268330,0x00000000d9280000)
  from space 10240K, 52% used [0x00000000d9d00000,0x00000000da2381b8,0x00000000da700000)
  to   space 10752K, 0% used [0x00000000d9280000,0x00000000d9280000,0x00000000d9d00000)
 ParOldGen       total 67584K, used 21090K [0x0000000082000000, 0x0000000086200000, 0x00000000d6000000)
  object space 67584K, 31% used [0x0000000082000000,0x0000000083498ab8,0x0000000086200000)
 Metaspace       used 32191K, capacity 34074K, committed 34432K, reserved 1079296K
  class space    used 4313K, capacity 4666K, committed 4736K, reserved 1048576K
Event: 48.675 GC heap after
Heap after GC invocations=8 (full 1):
 PSYoungGen      total 62464K, used 5472K [0x00000000d6000000, 0x00000000dd600000, 0x0000000100000000)
  eden space 51712K, 0% used [0x00000000d6000000,0x00000000d6000000,0x00000000d9280000)
  from space 10752K, 50% used [0x00000000d9280000,0x00000000d97d82c0,0x00000000d9d00000)
  to   space 10752K, 0% used [0x00000000dcb80000,0x00000000dcb80000,0x00000000dd600000)
 ParOldGen       total 67584K, used 21090K [0x0000000082000000, 0x0000000086200000, 0x00000000d6000000)
  object space 67584K, 31% used [0x0000000082000000,0x0000000083498ab8,0x0000000086200000)
 Metaspace       used 32191K, capacity 34074K, committed 34432K, reserved 1079296K
  class space    used 4313K, capacity 4666K, committed 4736K, reserved 1048576K
}
Event: 48.683 GC heap before
{Heap before GC invocations=9 (full 1):
 PSYoungGen      total 62464K, used 57138K [0x00000000d6000000, 0x00000000dd600000, 0x0000000100000000)
  eden space 51712K, 99% used [0x00000000d6000000,0x00000000d9274588,0x00000000d9280000)
  from space 10752K, 50% used [0x00000000d9280000,0x00000000d97d82c0,0x00000000d9d00000)
  to   space 10752K, 0% used [0x00000000dcb80000,0x00000000dcb80000,0x00000000dd600000)
 ParOldGen       total 67584K, used 21090K [0x0000000082000000, 0x0000000086200000, 0x00000000d6000000)
  object space 67584K, 31% used [0x0000000082000000,0x0000000083498ab8,0x0000000086200000)
 Metaspace       used 32191K, capacity 34074K, committed 34432K, reserved 1079296K
  class space    used 4313K, capacity 4666K, committed 4736K, reserved 1048576K
Event: 48.687 GC heap after
Heap after GC invocations=9 (full 1):
 PSYoungGen      total 109056K, used 1018K [0x00000000d6000000, 0x00000000dd900000, 0x0000000100000000)
  eden space 98304K, 0% used [0x00000000d6000000,0x00000000d6000000,0x00000000dc000000)
  from space 10752K, 9% used [0x00000000dcb80000,0x00000000dcc7e810,0x00000000dd600000)
  to   space 11776K, 0% used [0x00000000dc000000,0x00000000dc000000,0x00000000dcb80000)
 ParOldGen       total 67584K, used 25538K [0x0000000082000000, 0x0000000086200000, 0x00000000d6000000)
  object space 67584K, 37% used [0x0000000082000000,0x00000000838f0b80,0x0000000086200000)
 Metaspace       used 32191K, capacity 34074K, committed 34432K, reserved 1079296K
  class space    used 4313K, capacity 4666K, committed 4736K, reserved 1048576K
}
Event: 49.373 GC heap before
{Heap before GC invocations=10 (full 1):
 PSYoungGen      total 109056K, used 99322K [0x00000000d6000000, 0x00000000dd900000, 0x0000000100000000)
  eden space 98304K, 100% used [0x00000000d6000000,0x00000000dc000000,0x00000000dc000000)
  from space 10752K, 9% used [0x00000000dcb80000,0x00000000dcc7e810,0x00000000dd600000)
  to   space 11776K, 0% used [0x00000000dc000000,0x00000000dc000000,0x00000000dcb80000)
 ParOldGen       total 67584K, used 25538K [0x0000000082000000, 0x0000000086200000, 0x00000000d6000000)
  object space 67584K, 37% used [0x0000000082000000,0x00000000838f0b80,0x0000000086200000)
 Metaspace       used 32518K, capacity 34398K, committed 34688K, reserved 1079296K
  class space    used 4347K, capacity 4706K, committed 4736K, reserved 1048576K
Event: 49.378 GC heap after
Heap after GC invocations=10 (full 1):
 PSYoungGen      total 110080K, used 798K [0x00000000d6000000, 0x00000000e0d80000, 0x0000000100000000)
  eden space 98304K, 0% used [0x00000000d6000000,0x00000000d6000000,0x00000000dc000000)
  from space 11776K, 6% used [0x00000000dc000000,0x00000000dc0c7978,0x00000000dcb80000)
  to   space 12288K, 0% used [0x00000000e0180000,0x00000000e0180000,0x00000000e0d80000)
 ParOldGen       total 67584K, used 26266K [0x0000000082000000, 0x0000000086200000, 0x00000000d6000000)
  object space 67584K, 38% used [0x0000000082000000,0x00000000839a6b90,0x0000000086200000)
 Metaspace       used 32518K, capacity 34398K, committed 34688K, reserved 1079296K
  class space    used 4347K, capacity 4706K, committed 4736K, reserved 1048576K
}

Deoptimization events (10 events):
Event: 48.709 Thread 0x0000000023089000 Uncommon trap: reason=unstable_if action=reinterpret pc=0x0000000002a9b974 method=sun.text.normalizer.TrieIterator.calculateNextSupplementaryElement(Lsun/text/normalizer/RangeValueIterator$Element;)V @ 145
Event: 48.709 Thread 0x0000000023089000 Uncommon trap: reason=unstable_if action=reinterpret pc=0x000000000355f474 method=sun.text.normalizer.TrieIterator.next(Lsun/text/normalizer/RangeValueIterator$Element;)Z @ 6
Event: 48.712 Thread 0x0000000023089000 Uncommon trap: reason=unstable_if action=reinterpret pc=0x00000000034676c0 method=sun.text.normalizer.CharTrie.getCodePointValue(I)C @ 8
Event: 48.730 Thread 0x0000000023089000 Uncommon trap: reason=unstable_if action=reinterpret pc=0x00000000033af630 method=sun.text.normalizer.UnicodeSet.applyFilter(Lsun/text/normalizer/UnicodeSet$Filter;I)Lsun/text/normalizer/UnicodeSet; @ 27
Event: 48.731 Thread 0x0000000023089000 Uncommon trap: reason=unstable_if action=reinterpret pc=0x000000000294ef4c method=java.util.regex.Pattern$Ctype.isSatisfiedBy(I)Z @ 4
Event: 48.753 Thread 0x0000000023089000 Uncommon trap: reason=unstable_if action=reinterpret pc=0x0000000002cd83ac method=sun.text.normalizer.UnicodeSet.findCodePoint(I)I @ 32
Event: 49.436 Thread 0x0000000023087000 Uncommon trap: reason=unstable_if action=reinterpret pc=0x0000000002b19428 method=java.net.IDN.toASCIIInternal(Ljava/lang/String;I)Ljava/lang/String; @ 72
Event: 49.436 Thread 0x000000002308a800 Uncommon trap: reason=unstable_if action=reinterpret pc=0x0000000002b19428 method=java.net.IDN.toASCIIInternal(Ljava/lang/String;I)Ljava/lang/String; @ 72
Event: 49.460 Thread 0x000000002308d000 Uncommon trap: reason=predicate action=maybe_recompile pc=0x00000000032086e4 method=java.util.regex.Pattern$SliceI.match(Ljava/util/regex/Matcher;ILjava/lang/CharSequence;)Z @ 21
Event: 49.547 Thread 0x000000002308d000 Uncommon trap: reason=unstable_if action=reinterpret pc=0x0000000002aa4828 method=java.lang.String.indexOf([CII[CIII)I @ 27

Internal exceptions (10 events):
Event: 43.667 Thread 0x000000001a61e000 Implicit null exception at 0x000000000323cb4c to 0x000000000323cbc1
Event: 43.669 Thread 0x000000001a61e000 Exception <a 'sun/nio/fs/WindowsException'> (0x00000000d77b5fa0) thrown at [C:\re\workspace\8-2-build-windows-amd64-cygwin\jdk8u144\9417\hotspot\src\share\vm\prims\jni.cpp, line 709]
Event: 43.679 Thread 0x000000001a61e000 Exception <a 'sun/nio/fs/WindowsException'> (0x00000000d77b8390) thrown at [C:\re\workspace\8-2-build-windows-amd64-cygwin\jdk8u144\9417\hotspot\src\share\vm\prims\jni.cpp, line 709]
Event: 43.883 Thread 0x0000000023089000 Implicit null exception at 0x00000000034d1b10 to 0x00000000034d1b91
Event: 44.107 Thread 0x000000001a61e000 Implicit null exception at 0x0000000003680f94 to 0x000000000368f115
Event: 44.772 Thread 0x000000001a61e000 Exception <a 'java/io/FileNotFoundException'> (0x00000000d79f4cb0) thrown at [C:\re\workspace\8-2-build-windows-amd64-cygwin\jdk8u144\9417\hotspot\src\share\vm\prims\jni.cpp, line 709]
Event: 44.916 Thread 0x000000001a61e000 Exception <a 'java/io/FileNotFoundException'> (0x00000000d7a18188) thrown at [C:\re\workspace\8-2-build-windows-amd64-cygwin\jdk8u144\9417\hotspot\src\share\vm\prims\jni.cpp, line 709]
Event: 45.222 Thread 0x000000001a5cf000 Implicit null exception at 0x00000000035f1578 to 0x00000000035f1fb9
Event: 45.223 Thread 0x000000001a5cf000 Implicit null exception at 0x00000000033cf0e5 to 0x00000000033cf88d
Event: 45.253 Thread 0x000000001a5cf000 Implicit null exception at 0x000000000348d110 to 0x000000000348d141

Events (10 events):
Event: 50.237 Thread 0x0000000019619000 flushing nmethod 0x00000000037bda50
Event: 50.317 Executing VM operation: RevokeBias
Event: 50.317 Executing VM operation: RevokeBias done
Event: 50.465 Thread 0x000000002308b800 Thread added: 0x000000002308b800
Event: 50.466 Executing VM operation: RevokeBias
Event: 50.466 Executing VM operation: RevokeBias done
Event: 50.467 Executing VM operation: RevokeBias
Event: 50.467 Executing VM operation: RevokeBias done
Event: 50.467 Executing VM operation: RevokeBias
Event: 50.467 Executing VM operation: RevokeBias done


Dynamic libraries:
0x00007ff783340000 - 0x00007ff783377000 	C:\Program Files\Java\jdk1.8.0_144\jre\bin\java.exe
0x00007ffa60dd0000 - 0x00007ffa60fc5000 	C:\Windows\SYSTEM32\ntdll.dll
0x00007ffa60cd0000 - 0x00007ffa60d8e000 	C:\Windows\System32\KERNEL32.DLL
0x00007ffa5e4f0000 - 0x00007ffa5e7b8000 	C:\Windows\System32\KERNELBASE.dll
0x00007ffa5f0a0000 - 0x00007ffa5f14e000 	C:\Windows\System32\ADVAPI32.dll
0x00007ffa5f000000 - 0x00007ffa5f09e000 	C:\Windows\System32\msvcrt.dll
0x00007ffa5f150000 - 0x00007ffa5f1ec000 	C:\Windows\System32\sechost.dll
0x00007ffa5f3c0000 - 0x00007ffa5f4e5000 	C:\Windows\System32\RPCRT4.dll
0x00007ffa5f560000 - 0x00007ffa5f700000 	C:\Windows\System32\USER32.dll
0x00007ffa5ea70000 - 0x00007ffa5ea92000 	C:\Windows\System32\win32u.dll
0x00007ffa60940000 - 0x00007ffa6096a000 	C:\Windows\System32\GDI32.dll
0x00007ffa5ec30000 - 0x00007ffa5ed3b000 	C:\Windows\System32\gdi32full.dll
0x00007ffa5ed40000 - 0x00007ffa5eddd000 	C:\Windows\System32\msvcp_win.dll
0x00007ffa5e7c0000 - 0x00007ffa5e8c0000 	C:\Windows\System32\ucrtbase.dll
0x00007ffa4c340000 - 0x00007ffa4c5da000 	C:\Windows\WinSxS\amd64_microsoft.windows.common-controls_6595b64144ccf1df_6.0.19041.1110_none_60b5254171f9507e\COMCTL32.dll
0x00007ffa5f850000 - 0x00007ffa5f880000 	C:\Windows\System32\IMM32.DLL
0x00000000552e0000 - 0x00000000553b2000 	C:\Program Files\Java\jdk1.8.0_144\jre\bin\msvcr100.dll
0x00000000553c0000 - 0x0000000055c5d000 	C:\Program Files\Java\jdk1.8.0_144\jre\bin\server\jvm.dll
0x00007ffa5ee90000 - 0x00007ffa5ee98000 	C:\Windows\System32\PSAPI.DLL
0x00007ffa4e4a0000 - 0x00007ffa4e4c7000 	C:\Windows\SYSTEM32\WINMM.dll
0x00007ffa5afc0000 - 0x00007ffa5afc9000 	C:\Windows\SYSTEM32\WSOCK32.dll
0x00007ffa57ce0000 - 0x00007ffa57cea000 	C:\Windows\SYSTEM32\VERSION.dll
0x00007ffa5f700000 - 0x00007ffa5f76b000 	C:\Windows\System32\WS2_32.dll
0x0000000055290000 - 0x000000005529f000 	C:\Program Files\Java\jdk1.8.0_144\jre\bin\verify.dll
0x0000000055260000 - 0x0000000055289000 	C:\Program Files\Java\jdk1.8.0_144\jre\bin\java.dll
0x0000000055240000 - 0x0000000055256000 	C:\Program Files\Java\jdk1.8.0_144\jre\bin\zip.dll
0x00007ffa5f880000 - 0x00007ffa5ffc4000 	C:\Windows\System32\SHELL32.dll
0x00007ffa5c610000 - 0x00007ffa5cda4000 	C:\Windows\SYSTEM32\windows.storage.dll
0x00007ffa60970000 - 0x00007ffa60cc4000 	C:\Windows\System32\combase.dll
0x00007ffa5df60000 - 0x00007ffa5df8c000 	C:\Windows\SYSTEM32\Wldp.dll
0x00007ffa5f1f0000 - 0x00007ffa5f29d000 	C:\Windows\System32\SHCORE.dll
0x00007ffa60190000 - 0x00007ffa601e5000 	C:\Windows\System32\shlwapi.dll
0x00007ffa5e430000 - 0x00007ffa5e44f000 	C:\Windows\SYSTEM32\profapi.dll
0x00007ffa1fbd0000 - 0x00007ffa1fcbf000 	C:\Program Files\Java\jdk1.8.0_144\jre\bin\msvcr120.dll
0x00007ffa207b0000 - 0x00007ffa20856000 	C:\Program Files\Java\jdk1.8.0_144\jre\bin\msvcp120.dll
0x0000000054340000 - 0x0000000054362000 	C:\Program Files\Java\jdk1.8.0_144\jre\bin\prism_d3d.dll
0x00007ffa55590000 - 0x00007ffa5575f000 	C:\Windows\system32\d3d9.dll
0x00007ffa5c410000 - 0x00007ffa5c422000 	C:\Windows\SYSTEM32\kernel.appcore.dll
0x00007ffa5c300000 - 0x00007ffa5c32f000 	C:\Windows\SYSTEM32\dwmapi.dll
0x00007ffa5c030000 - 0x00007ffa5c0ce000 	C:\Windows\system32\uxtheme.dll
0x00007ffa1e040000 - 0x00007ffa1e200000 	C:\Windows\System32\DriverStore\FileRepository\iigd_dch.inf_amd64_942c1421a17c69ba\igdumdim64.dll
0x00007ffa56490000 - 0x00007ffa565e2000 	C:\Windows\System32\DriverStore\FileRepository\iigd_dch.inf_amd64_942c1421a17c69ba\igdgmm64.dll
0x00000000542f0000 - 0x0000000054333000 	C:\Program Files\Java\jdk1.8.0_144\jre\bin\glass.dll
0x00007ffa5f770000 - 0x00007ffa5f84b000 	C:\Windows\System32\COMDLG32.dll
0x00007ffa60050000 - 0x00007ffa6017a000 	C:\Windows\System32\ole32.dll
0x00007ffa5ef30000 - 0x00007ffa5effd000 	C:\Windows\System32\OLEAUT32.dll
0x00007ffa5f2a0000 - 0x00007ffa5f3b5000 	C:\Windows\System32\MSCTF.dll
0x00007ffa5e8c0000 - 0x00007ffa5e942000 	C:\Windows\System32\bcryptPrimitives.dll
0x00007ff9e7ad0000 - 0x00007ff9eb6ab000 	C:\Windows\System32\DriverStore\FileRepository\iigd_dch.inf_amd64_942c1421a17c69ba\igd9dxva64.dll
0x00007ffa46280000 - 0x00007ffa462a2000 	C:\Windows\System32\DriverStore\FileRepository\iigd_dch.inf_amd64_942c1421a17c69ba\igdinfo64.dll
0x00007ffa30cc0000 - 0x00007ffa33016000 	C:\Windows\System32\DriverStore\FileRepository\iigd_dch.inf_amd64_942c1421a17c69ba\igc64.dll
0x00007ffa59950000 - 0x00007ffa5998b000 	C:\Windows\SYSTEM32\dxcore.dll
0x00007ffa5ede0000 - 0x00007ffa5ee2e000 	C:\Windows\System32\cfgmgr32.dll
0x0000000055220000 - 0x000000005523a000 	C:\Program Files\Java\jdk1.8.0_144\jre\bin\net.dll
0x00007ffa5dcc0000 - 0x00007ffa5dd2a000 	C:\Windows\system32\mswsock.dll
0x00000000542d0000 - 0x00000000542e4000 	C:\Program Files\Java\jdk1.8.0_144\jre\bin\javafx_font.dll
0x00000000542a0000 - 0x00000000542c3000 	C:\Program Files\Java\jdk1.8.0_144\jre\bin\javafx_iio.dll
0x00007ffa53ef0000 - 0x00007ffa5416f000 	C:\Windows\SYSTEM32\dwrite.dll
0x00007ffa601f0000 - 0x00007ffa60299000 	C:\Windows\System32\clbcatq.dll
0x00007ffa58170000 - 0x00007ffa58324000 	C:\Windows\SYSTEM32\WindowsCodecs.dll
0x00007ffa5eaa0000 - 0x00007ffa5eac7000 	C:\Windows\System32\bcrypt.dll
0x00007ffa55e20000 - 0x00007ffa55e5e000 	C:\Windows\system32\dataexchange.dll
0x00007ffa568a0000 - 0x00007ffa56b04000 	C:\Windows\system32\d3d11.dll
0x00007ffa5b060000 - 0x00007ffa5b245000 	C:\Windows\system32\dcomp.dll
0x00007ffa5cf30000 - 0x00007ffa5d023000 	C:\Windows\system32\dxgi.dll
0x00007ffa57ad0000 - 0x00007ffa57cd1000 	C:\Windows\system32\twinapi.appcore.dll
0x00007ffa38040000 - 0x00007ffa38074000 	C:\Program Files\Common Files\Microsoft Shared\Ink\rtscom.dll
0x00007ffa519e0000 - 0x00007ffa51ad9000 	C:\Windows\SYSTEM32\textinputframework.dll
0x00007ffa5bda0000 - 0x00007ffa5be92000 	C:\Windows\System32\CoreMessaging.dll
0x00007ffa5ba40000 - 0x00007ffa5bd9e000 	C:\Windows\System32\CoreUIComponents.dll
0x00007ffa5b8c0000 - 0x00007ffa5ba14000 	C:\Windows\SYSTEM32\wintypes.dll
0x00007ffa5d200000 - 0x00007ffa5d233000 	C:\Windows\SYSTEM32\ntmarta.dll
0x0000000054280000 - 0x0000000054291000 	C:\Program Files\Java\jdk1.8.0_144\jre\bin\prism_common.dll
0x0000000050ad0000 - 0x0000000053284000 	C:\Program Files\Java\jdk1.8.0_144\jre\bin\jfxwebkit.dll
0x00007ffa5deb0000 - 0x00007ffa5dec8000 	C:\Windows\SYSTEM32\CRYPTSP.dll
0x00007ffa5d570000 - 0x00007ffa5d5a4000 	C:\Windows\system32\rsaenh.dll
0x00007ffa5ded0000 - 0x00007ffa5dedc000 	C:\Windows\SYSTEM32\CRYPTBASE.dll
0x0000000055200000 - 0x0000000055211000 	C:\Program Files\Java\jdk1.8.0_144\jre\bin\nio.dll
0x00000000550f0000 - 0x0000000055114000 	C:\Program Files\Java\jdk1.8.0_144\jre\bin\sunec.dll
0x0000000054370000 - 0x0000000054508000 	C:\Program Files\Java\jdk1.8.0_144\jre\bin\awt.dll
0x00007ffa5bea0000 - 0x00007ffa5bf30000 	C:\Windows\SYSTEM32\apphelp.dll
0x00007ffa5d940000 - 0x00007ffa5d97b000 	C:\Windows\SYSTEM32\IPHLPAPI.DLL
0x00007ffa60180000 - 0x00007ffa60188000 	C:\Windows\System32\NSI.dll
0x00007ffa528a0000 - 0x00007ffa528b7000 	C:\Windows\SYSTEM32\dhcpcsvc6.DLL
0x00007ffa52770000 - 0x00007ffa5278d000 	C:\Windows\SYSTEM32\dhcpcsvc.DLL
0x00007ffa5d980000 - 0x00007ffa5da4b000 	C:\Windows\SYSTEM32\DNSAPI.dll
0x00007ffa5e3f0000 - 0x00007ffa5e41e000 	C:\Windows\SYSTEM32\USERENV.dll
0x00000000550e0000 - 0x00000000550eb000 	C:\Program Files\Java\jdk1.8.0_144\jre\bin\sunmscapi.dll
0x00007ffa5ead0000 - 0x00007ffa5ec26000 	C:\Windows\System32\CRYPT32.dll
0x00007ffa56860000 - 0x00007ffa5686a000 	C:\Windows\System32\rasadhlp.dll
0x00007ffa4ef20000 - 0x00007ffa4ef9f000 	C:\Windows\System32\fwpuclnt.dll
0x00007ffa3fcc0000 - 0x00007ffa3fea4000 	C:\Windows\SYSTEM32\dbghelp.dll

VM Arguments:
jvm_args: -Dfile.encoding=UTF-8 
java_command: com.CulturaApp.Gui.NewFXMain
java_class_path (initial): C:\Users\Yassine\Downloads\jar_files\mysql-connector-java-8.0.28.jar;C:\Users\Yassine\Downloads\jar_files\protobuf-java-3.11.4.jar;C:\Users\Yassine\Downloads\fontawesomefx-8.9.jar;C:\Users\Yassine\Downloads\core-3.1.0-javadoc.jar;C:\Users\Yassine\Downloads\core-3.1.0.jar;C:\Users\Yassine\Downloads\sendgrid-java-latest.jar;C:\Users\Yassine\Downloads\jar_files (1)\jackson-annotations-2.13.2.jar;C:\Users\Yassine\Downloads\jar_files (1)\jackson-core-2.13.2.jar;C:\Users\Yassine\Downloads\jar_files (1)\jackson-databind-2.13.2.2.jar;C:\Users\Yassine\Downloads\jar_files (1)\java-jwt-3.17.0.jar;C:\Users\Yassine\Downloads\jar_files (1)\messagebird-api-3.2.2.jar;C:\Users\Yassine\Downloads\jar_files (2) (1)\commons-codec-1.12.jar;C:\Users\Yassine\Downloads\jar_files (2) (1)\commons-collections4-4.3.jar;C:\Users\Yassine\Downloads\jar_files (2) (1)\commons-compress-1.18.jar;C:\Users\Yassine\Downloads\jar_files (2) (1)\commons-math3-3.6.1.jar;C:\Users\Yassine\Downloads\jar_files (2) (1)\curvesapi-1.06.jar;C:\Users\Yassine\Downloads\jar_files (2) (1)\poi-4.1.0.jar;C:\Users\Yassine\Downloads\jar_files (2) (1)\poi-ooxml-4.1.0.jar;C:\Users\Yassine\Downloads\jar_files (2) (1)\poi-ooxml-schemas-4.1.0.jar;C:\Users\Yassine\Downloads\jar_files (2) (1)\xmlbeans-3.1.0.jar;C:\Users\Yassine\Downloads\GestionRecompense\GestionEvent\build\classes
Launcher Type: SUN_STANDARD

Environment Variables:
JAVA_HOME=C:\Program Files\Java\jdk-11.0.10
PATH=C:\ProgramData\Oracle\Java\javapath;C:\Program Files (x86)\VMware\VMware Workstation\bin\;C:\oraclexe\app\oracle\product\11.2.0\server\bin;C:\oraclexe\app\oracle\product\11.2.0\server\bin;C:\Program Files (x86)\NVIDIA Corporation\PhysX\Common;C:\Windows\system32;C:\Windows;C:\Windows\System32\Wbem;C:\Windows\System32\WindowsPowerShell\v1.0\;C:\Windows\System32\OpenSSH\;C:\Program Files\NVIDIA Corporation\NVIDIA NvDLISR;C:\Program Files\Microsoft VS Code\bin;C:\Program Files\Git\cmd;C:\Program Files\Git\mingw64\bin;C:\Program Files\Git\usr\bin;C:\Program Files\Calibre2\;C:\instantclient12_2;c:\oraclexe\app\oracle\admin\XE;c:\oraclexe;C:\Program Files\TortoiseGit\bin;C:\xampp\php;C:\ProgramData\ComposerSetup\bin;C:\Program Files\Java\jdk1.8.0_144\bin;C:\Users\Yassine\AppData\Local\Microsoft\WindowsApps;C:\Users\Yassine\AppData\Local\GitHubDesktop\bin;C:\Program Files (x86)\Nmap;C:\wamp64\bin\php\php7.4.9;C:\Users\Yassine\AppData\Roaming\Composer\vendor\bin;C:\xampp\php;
USERNAME=Yassine
OS=Windows_NT
PROCESSOR_IDENTIFIER=Intel64 Family 6 Model 142 Stepping 10, GenuineIntel



---------------  S Y S T E M  ---------------

OS: Windows 10.0 , 64 bit Build 19041 (10.0.19041.1645)

CPU:total 8 (initial active 8) (4 cores per cpu, 2 threads per core) family 6 model 142 stepping 10, cmov, cx8, fxsr, mmx, sse, sse2, sse3, ssse3, sse4.1, sse4.2, popcnt, avx, avx2, aes, clmul, erms, 3dnowpref, lzcnt, ht, tsc, tscinvbit, bmi1, bmi2, adx

Memory: 4k page, physical 8251700k(825652k free), swap 17314468k(3521520k free)

vm_info: Java HotSpot(TM) 64-Bit Server VM (25.144-b01) for windows-amd64 JRE (1.8.0_144-b01), built on Jul 21 2017 21:57:33 by "java_re" with MS VC++ 10.0 (VS2010)

time: Wed Apr 27 23:18:17 2022
elapsed time: 50 seconds (0d 0h 0m 50s)

